[0.008s] Invoking command in '/home/li/Work/RobotArm/build/launch_ur5': CONDA_PROMPT_MODIFIER=(base) /usr/bin/cmake /home/li/Work/RobotArm/src/launch_ur5 -DCMAKE_INSTALL_PREFIX=/home/li/Work/RobotArm/install/launch_ur5
[0.069s] -- The C compiler identification is GNU 11.4.0
[0.126s] -- The CXX compiler identification is GNU 11.4.0
[0.133s] -- Detecting C compiler ABI info
[0.189s] -- Detecting C compiler ABI info - done
[0.194s] -- Check for working C compiler: /usr/bin/cc - skipped
[0.194s] -- Detecting C compile features
[0.195s] -- Detecting C compile features - done
[0.197s] -- Detecting CXX compiler ABI info
[0.264s] -- Detecting CXX compiler ABI info - done
[0.271s] -- Check for working CXX compiler: /usr/bin/c++ - skipped
[0.271s] -- Detecting CXX compile features
[0.272s] -- Detecting CXX compile features - done
[0.278s] -- Found ament_cmake: 1.3.11 (/opt/ros/humble/share/ament_cmake/cmake)
[0.548s] -- Found Python3: /home/li/miniconda3/bin/python3 (found version "3.12.8") found components: Interpreter 
[0.639s] -- Found ament_lint_auto: 0.12.11 (/opt/ros/humble/share/ament_lint_auto/cmake)
[0.722s] -- Added test 'flake8' to check Python code syntax and style conventions
[0.722s] -- Added test 'lint_cmake' to check CMake code style
[0.723s] -- Added test 'pep257' to check Python code against some of the docstring style conventions in PEP 257
[0.723s] -- Added test 'xmllint' to check XML markup files
[0.724s] -- Configuring done
[0.726s] -- Generating done
[0.728s] -- Build files have been written to: /home/li/Work/RobotArm/build/launch_ur5
[0.731s] Invoked command in '/home/li/Work/RobotArm/build/launch_ur5' returned '0': CONDA_PROMPT_MODIFIER=(base) /usr/bin/cmake /home/li/Work/RobotArm/src/launch_ur5 -DCMAKE_INSTALL_PREFIX=/home/li/Work/RobotArm/install/launch_ur5
[0.732s] Invoking command in '/home/li/Work/RobotArm/build/launch_ur5': CONDA_PROMPT_MODIFIER=(base) /usr/bin/cmake --build /home/li/Work/RobotArm/build/launch_ur5 -- -j16 -l16
[0.765s] Invoked command in '/home/li/Work/RobotArm/build/launch_ur5' returned '0': CONDA_PROMPT_MODIFIER=(base) /usr/bin/cmake --build /home/li/Work/RobotArm/build/launch_ur5 -- -j16 -l16
[0.772s] Invoking command in '/home/li/Work/RobotArm/build/launch_ur5': CONDA_PROMPT_MODIFIER=(base) /usr/bin/cmake --install /home/li/Work/RobotArm/build/launch_ur5
[0.779s] -- Install configuration: ""
[0.779s] -- Installing: /home/li/Work/RobotArm/install/launch_ur5/share/launch_ur5/launch
[0.779s] -- Installing: /home/li/Work/RobotArm/install/launch_ur5/share/launch_ur5/launch/ur5_bringup.launch.py
[0.779s] -- Installing: /home/li/Work/RobotArm/install/launch_ur5/share/ament_index/resource_index/package_run_dependencies/launch_ur5
[0.779s] -- Installing: /home/li/Work/RobotArm/install/launch_ur5/share/ament_index/resource_index/parent_prefix_path/launch_ur5
[0.779s] -- Installing: /home/li/Work/RobotArm/install/launch_ur5/share/launch_ur5/environment/ament_prefix_path.sh
[0.780s] -- Installing: /home/li/Work/RobotArm/install/launch_ur5/share/launch_ur5/environment/ament_prefix_path.dsv
[0.780s] -- Installing: /home/li/Work/RobotArm/install/launch_ur5/share/launch_ur5/environment/path.sh
[0.780s] -- Installing: /home/li/Work/RobotArm/install/launch_ur5/share/launch_ur5/environment/path.dsv
[0.780s] -- Installing: /home/li/Work/RobotArm/install/launch_ur5/share/launch_ur5/local_setup.bash
[0.780s] -- Installing: /home/li/Work/RobotArm/install/launch_ur5/share/launch_ur5/local_setup.sh
[0.780s] -- Installing: /home/li/Work/RobotArm/install/launch_ur5/share/launch_ur5/local_setup.zsh
[0.780s] -- Installing: /home/li/Work/RobotArm/install/launch_ur5/share/launch_ur5/local_setup.dsv
[0.780s] -- Installing: /home/li/Work/RobotArm/install/launch_ur5/share/launch_ur5/package.dsv
[0.780s] -- Installing: /home/li/Work/RobotArm/install/launch_ur5/share/ament_index/resource_index/packages/launch_ur5
[0.780s] -- Installing: /home/li/Work/RobotArm/install/launch_ur5/share/launch_ur5/cmake/launch_ur5Config.cmake
[0.780s] -- Installing: /home/li/Work/RobotArm/install/launch_ur5/share/launch_ur5/cmake/launch_ur5Config-version.cmake
[0.780s] -- Installing: /home/li/Work/RobotArm/install/launch_ur5/share/launch_ur5/package.xml
[0.782s] Invoked command in '/home/li/Work/RobotArm/build/launch_ur5' returned '0': CONDA_PROMPT_MODIFIER=(base) /usr/bin/cmake --install /home/li/Work/RobotArm/build/launch_ur5
