[0.075s] DEBUG:colcon:Command line arguments: ['/usr/bin/colcon', 'build']
[0.075s] DEBUG:colcon:Parsed command line arguments: Namespace(log_base=None, log_level=None, verb_name='build', build_base='build', install_base='install', merge_install=False, symlink_install=False, test_result_base=None, continue_on_error=False, executor='parallel', parallel_workers=16, event_handlers=None, ignore_user_meta=False, metas=['./colcon.meta'], base_paths=['.'], packages_ignore=None, packages_ignore_regex=None, paths=None, packages_up_to=None, packages_up_to_regex=None, packages_above=None, packages_above_and_dependencies=None, packages_above_depth=None, packages_select_by_dep=None, packages_skip_by_dep=None, packages_skip_up_to=None, packages_select_build_failed=False, packages_skip_build_finished=False, packages_select_test_failures=False, packages_skip_test_passed=False, packages_select=None, packages_skip=None, packages_select_regex=None, packages_skip_regex=None, packages_start=None, packages_end=None, allow_overriding=[], cmake_args=None, cmake_target=None, cmake_target_skip_unavailable=False, cmake_clean_cache=False, cmake_clean_first=False, cmake_force_configure=False, ament_cmake_args=None, catkin_cmake_args=None, catkin_skip_building_tests=False, mixin_files=None, mixin=None, verb_parser=<colcon_mixin.mixin.mixin_argument.MixinArgumentDecorator object at 0x71ebf7756410>, verb_extension=<colcon_core.verb.build.BuildVerb object at 0x71ebf786b310>, main=<bound method BuildVerb.main of <colcon_core.verb.build.BuildVerb object at 0x71ebf786b310>>, mixin_verb=('build',))
[0.176s] Level 1:colcon.colcon_core.package_discovery:discover_packages(colcon_meta) check parameters
[0.176s] Level 1:colcon.colcon_core.package_discovery:discover_packages(recursive) check parameters
[0.176s] Level 1:colcon.colcon_core.package_discovery:discover_packages(ignore) check parameters
[0.176s] Level 1:colcon.colcon_core.package_discovery:discover_packages(path) check parameters
[0.176s] Level 1:colcon.colcon_core.package_discovery:discover_packages(colcon_meta) discover
[0.176s] Level 1:colcon.colcon_core.package_discovery:discover_packages(recursive) discover
[0.177s] INFO:colcon.colcon_core.package_discovery:Crawling recursively for packages in '/home/li/Work/RobotArm'
[0.177s] Level 1:colcon.colcon_core.package_identification:_identify(.) by extensions ['ignore', 'ignore_ament_install']
[0.177s] Level 1:colcon.colcon_core.package_identification:_identify(.) by extension 'ignore'
[0.177s] Level 1:colcon.colcon_core.package_identification:_identify(.) by extension 'ignore_ament_install'
[0.177s] Level 1:colcon.colcon_core.package_identification:_identify(.) by extensions ['colcon_pkg']
[0.177s] Level 1:colcon.colcon_core.package_identification:_identify(.) by extension 'colcon_pkg'
[0.177s] Level 1:colcon.colcon_core.package_identification:_identify(.) by extensions ['colcon_meta']
[0.177s] Level 1:colcon.colcon_core.package_identification:_identify(.) by extension 'colcon_meta'
[0.177s] Level 1:colcon.colcon_core.package_identification:_identify(.) by extensions ['ros']
[0.177s] Level 1:colcon.colcon_core.package_identification:_identify(.) by extension 'ros'
[0.189s] Level 1:colcon.colcon_core.package_identification:_identify(.) by extensions ['cmake', 'python']
[0.189s] Level 1:colcon.colcon_core.package_identification:_identify(.) by extension 'cmake'
[0.189s] Level 1:colcon.colcon_core.package_identification:_identify(.) by extension 'python'
[0.189s] Level 1:colcon.colcon_core.package_identification:_identify(.) by extensions ['python_setup_py']
[0.189s] Level 1:colcon.colcon_core.package_identification:_identify(.) by extension 'python_setup_py'
[0.189s] Level 1:colcon.colcon_core.package_identification:_identify(build) by extensions ['ignore', 'ignore_ament_install']
[0.189s] Level 1:colcon.colcon_core.package_identification:_identify(build) by extension 'ignore'
[0.189s] Level 1:colcon.colcon_core.package_identification:_identify(build) ignored
[0.189s] Level 1:colcon.colcon_core.package_identification:_identify(install) by extensions ['ignore', 'ignore_ament_install']
[0.189s] Level 1:colcon.colcon_core.package_identification:_identify(install) by extension 'ignore'
[0.189s] Level 1:colcon.colcon_core.package_identification:_identify(install) ignored
[0.189s] Level 1:colcon.colcon_core.package_identification:_identify(log) by extensions ['ignore', 'ignore_ament_install']
[0.189s] Level 1:colcon.colcon_core.package_identification:_identify(log) by extension 'ignore'
[0.189s] Level 1:colcon.colcon_core.package_identification:_identify(log) ignored
[0.190s] Level 1:colcon.colcon_core.package_identification:_identify(src) by extensions ['ignore', 'ignore_ament_install']
[0.190s] Level 1:colcon.colcon_core.package_identification:_identify(src) by extension 'ignore'
[0.190s] Level 1:colcon.colcon_core.package_identification:_identify(src) by extension 'ignore_ament_install'
[0.190s] Level 1:colcon.colcon_core.package_identification:_identify(src) by extensions ['colcon_pkg']
[0.190s] Level 1:colcon.colcon_core.package_identification:_identify(src) by extension 'colcon_pkg'
[0.190s] Level 1:colcon.colcon_core.package_identification:_identify(src) by extensions ['colcon_meta']
[0.190s] Level 1:colcon.colcon_core.package_identification:_identify(src) by extension 'colcon_meta'
[0.190s] Level 1:colcon.colcon_core.package_identification:_identify(src) by extensions ['ros']
[0.190s] Level 1:colcon.colcon_core.package_identification:_identify(src) by extension 'ros'
[0.190s] Level 1:colcon.colcon_core.package_identification:_identify(src) by extensions ['cmake', 'python']
[0.190s] Level 1:colcon.colcon_core.package_identification:_identify(src) by extension 'cmake'
[0.190s] Level 1:colcon.colcon_core.package_identification:_identify(src) by extension 'python'
[0.190s] Level 1:colcon.colcon_core.package_identification:_identify(src) by extensions ['python_setup_py']
[0.190s] Level 1:colcon.colcon_core.package_identification:_identify(src) by extension 'python_setup_py'
[0.190s] Level 1:colcon.colcon_core.package_identification:_identify(src/ur5_moveit_config) by extensions ['ignore', 'ignore_ament_install']
[0.190s] Level 1:colcon.colcon_core.package_identification:_identify(src/ur5_moveit_config) by extension 'ignore'
[0.190s] Level 1:colcon.colcon_core.package_identification:_identify(src/ur5_moveit_config) by extension 'ignore_ament_install'
[0.190s] Level 1:colcon.colcon_core.package_identification:_identify(src/ur5_moveit_config) by extensions ['colcon_pkg']
[0.190s] Level 1:colcon.colcon_core.package_identification:_identify(src/ur5_moveit_config) by extension 'colcon_pkg'
[0.190s] Level 1:colcon.colcon_core.package_identification:_identify(src/ur5_moveit_config) by extensions ['colcon_meta']
[0.190s] Level 1:colcon.colcon_core.package_identification:_identify(src/ur5_moveit_config) by extension 'colcon_meta'
[0.190s] Level 1:colcon.colcon_core.package_identification:_identify(src/ur5_moveit_config) by extensions ['ros']
[0.190s] Level 1:colcon.colcon_core.package_identification:_identify(src/ur5_moveit_config) by extension 'ros'
[0.192s] DEBUG:colcon.colcon_core.package_identification:Package 'src/ur5_moveit_config' with type 'ros.ament_cmake' and name 'ur5_moveit_config'
[0.192s] Level 1:colcon.colcon_core.package_identification:_identify(src/ur5_robot) by extensions ['ignore', 'ignore_ament_install']
[0.192s] Level 1:colcon.colcon_core.package_identification:_identify(src/ur5_robot) by extension 'ignore'
[0.192s] Level 1:colcon.colcon_core.package_identification:_identify(src/ur5_robot) by extension 'ignore_ament_install'
[0.192s] Level 1:colcon.colcon_core.package_identification:_identify(src/ur5_robot) by extensions ['colcon_pkg']
[0.192s] Level 1:colcon.colcon_core.package_identification:_identify(src/ur5_robot) by extension 'colcon_pkg'
[0.192s] Level 1:colcon.colcon_core.package_identification:_identify(src/ur5_robot) by extensions ['colcon_meta']
[0.192s] Level 1:colcon.colcon_core.package_identification:_identify(src/ur5_robot) by extension 'colcon_meta'
[0.192s] Level 1:colcon.colcon_core.package_identification:_identify(src/ur5_robot) by extensions ['ros']
[0.192s] Level 1:colcon.colcon_core.package_identification:_identify(src/ur5_robot) by extension 'ros'
[0.193s] DEBUG:colcon.colcon_core.package_identification:Package 'src/ur5_robot' with type 'ros.ament_cmake' and name 'ur5_robot'
[0.193s] Level 1:colcon.colcon_core.package_discovery:discover_packages(recursive) using defaults
[0.193s] Level 1:colcon.colcon_core.package_discovery:discover_packages(ignore) discover
[0.193s] Level 1:colcon.colcon_core.package_discovery:discover_packages(ignore) using defaults
[0.193s] Level 1:colcon.colcon_core.package_discovery:discover_packages(path) discover
[0.193s] Level 1:colcon.colcon_core.package_discovery:discover_packages(path) using defaults
[0.205s] Level 1:colcon.colcon_core.package_discovery:discover_packages(prefix_path) check parameters
[0.205s] Level 1:colcon.colcon_core.package_discovery:discover_packages(prefix_path) discover
[0.206s] WARNING:colcon.colcon_ros.prefix_path.ament:The path '/home/li/Work/RobotArm/install/panda_moveit_config' in the environment variable AMENT_PREFIX_PATH doesn't exist
[0.206s] WARNING:colcon.colcon_ros.prefix_path.ament:The path '/home/li/Work/RobotArm/install/my_robot_arm_pkg' in the environment variable AMENT_PREFIX_PATH doesn't exist
[0.206s] WARNING:colcon.colcon_ros.prefix_path.ament:The path '/home/li/Work/RobotArm/install/launch_ur5' in the environment variable AMENT_PREFIX_PATH doesn't exist
[0.206s] WARNING:colcon.colcon_ros.prefix_path.catkin:The path '/home/li/Work/RobotArm/install/panda_moveit_config' in the environment variable CMAKE_PREFIX_PATH doesn't exist
[0.206s] WARNING:colcon.colcon_ros.prefix_path.catkin:The path '/home/li/Work/RobotArm/install/launch_ur5' in the environment variable CMAKE_PREFIX_PATH doesn't exist
[0.206s] DEBUG:colcon.colcon_installed_package_information.package_discovery:Found 1 installed packages in /home/li/Work/RobotArm/install
[0.208s] DEBUG:colcon.colcon_installed_package_information.package_discovery:Found 544 installed packages in /opt/ros/humble
[0.210s] Level 1:colcon.colcon_core.package_discovery:discover_packages(prefix_path) using defaults
[0.246s] Level 5:colcon.colcon_core.verb:set package 'ur5_robot' build argument 'cmake_args' from command line to 'None'
[0.246s] Level 5:colcon.colcon_core.verb:set package 'ur5_robot' build argument 'cmake_target' from command line to 'None'
[0.246s] Level 5:colcon.colcon_core.verb:set package 'ur5_robot' build argument 'cmake_target_skip_unavailable' from command line to 'False'
[0.246s] Level 5:colcon.colcon_core.verb:set package 'ur5_robot' build argument 'cmake_clean_cache' from command line to 'False'
[0.246s] Level 5:colcon.colcon_core.verb:set package 'ur5_robot' build argument 'cmake_clean_first' from command line to 'False'
[0.246s] Level 5:colcon.colcon_core.verb:set package 'ur5_robot' build argument 'cmake_force_configure' from command line to 'False'
[0.246s] Level 5:colcon.colcon_core.verb:set package 'ur5_robot' build argument 'ament_cmake_args' from command line to 'None'
[0.246s] Level 5:colcon.colcon_core.verb:set package 'ur5_robot' build argument 'catkin_cmake_args' from command line to 'None'
[0.246s] Level 5:colcon.colcon_core.verb:set package 'ur5_robot' build argument 'catkin_skip_building_tests' from command line to 'False'
[0.246s] DEBUG:colcon.colcon_core.verb:Building package 'ur5_robot' with the following arguments: {'ament_cmake_args': None, 'build_base': '/home/li/Work/RobotArm/build/ur5_robot', 'catkin_cmake_args': None, 'catkin_skip_building_tests': False, 'cmake_args': None, 'cmake_clean_cache': False, 'cmake_clean_first': False, 'cmake_force_configure': False, 'cmake_target': None, 'cmake_target_skip_unavailable': False, 'install_base': '/home/li/Work/RobotArm/install/ur5_robot', 'merge_install': False, 'path': '/home/li/Work/RobotArm/src/ur5_robot', 'symlink_install': False, 'test_result_base': None}
[0.246s] Level 5:colcon.colcon_core.verb:set package 'ur5_moveit_config' build argument 'cmake_args' from command line to 'None'
[0.246s] Level 5:colcon.colcon_core.verb:set package 'ur5_moveit_config' build argument 'cmake_target' from command line to 'None'
[0.246s] Level 5:colcon.colcon_core.verb:set package 'ur5_moveit_config' build argument 'cmake_target_skip_unavailable' from command line to 'False'
[0.246s] Level 5:colcon.colcon_core.verb:set package 'ur5_moveit_config' build argument 'cmake_clean_cache' from command line to 'False'
[0.246s] Level 5:colcon.colcon_core.verb:set package 'ur5_moveit_config' build argument 'cmake_clean_first' from command line to 'False'
[0.246s] Level 5:colcon.colcon_core.verb:set package 'ur5_moveit_config' build argument 'cmake_force_configure' from command line to 'False'
[0.246s] Level 5:colcon.colcon_core.verb:set package 'ur5_moveit_config' build argument 'ament_cmake_args' from command line to 'None'
[0.246s] Level 5:colcon.colcon_core.verb:set package 'ur5_moveit_config' build argument 'catkin_cmake_args' from command line to 'None'
[0.246s] Level 5:colcon.colcon_core.verb:set package 'ur5_moveit_config' build argument 'catkin_skip_building_tests' from command line to 'False'
[0.246s] DEBUG:colcon.colcon_core.verb:Building package 'ur5_moveit_config' with the following arguments: {'ament_cmake_args': None, 'build_base': '/home/li/Work/RobotArm/build/ur5_moveit_config', 'catkin_cmake_args': None, 'catkin_skip_building_tests': False, 'cmake_args': None, 'cmake_clean_cache': False, 'cmake_clean_first': False, 'cmake_force_configure': False, 'cmake_target': None, 'cmake_target_skip_unavailable': False, 'install_base': '/home/li/Work/RobotArm/install/ur5_moveit_config', 'merge_install': False, 'path': '/home/li/Work/RobotArm/src/ur5_moveit_config', 'symlink_install': False, 'test_result_base': None}
[0.246s] INFO:colcon.colcon_core.executor:Executing jobs using 'parallel' executor
[0.247s] DEBUG:colcon.colcon_parallel_executor.executor.parallel:run_until_complete
[0.248s] INFO:colcon.colcon_ros.task.ament_cmake.build:Building ROS package in '/home/li/Work/RobotArm/src/ur5_robot' with build type 'ament_cmake'
[0.248s] INFO:colcon.colcon_cmake.task.cmake.build:Building CMake package in '/home/li/Work/RobotArm/src/ur5_robot'
[0.249s] INFO:colcon.colcon_core.plugin_system:Skipping extension 'colcon_core.shell.bat': Not used on non-Windows systems
[0.249s] INFO:colcon.colcon_core.shell:Skip shell extension 'powershell' for command environment: Not usable outside of PowerShell
[0.249s] DEBUG:colcon.colcon_core.shell:Skip shell extension 'dsv' for command environment
[0.257s] DEBUG:colcon.colcon_core.event_handler.log_command:Invoking command in '/home/li/Work/RobotArm/build/ur5_robot': CMAKE_PREFIX_PATH=${CMAKE_PREFIX_PATH}:/home/li/Work/RobotArm/install/my_robot_arm_pkg CONDA_PROMPT_MODIFIER=(base) /usr/bin/cmake --build /home/li/Work/RobotArm/build/ur5_robot -- -j16 -l16
[0.295s] DEBUG:colcon.colcon_core.event_handler.log_command:Invoked command in '/home/li/Work/RobotArm/build/ur5_robot' returned '0': CMAKE_PREFIX_PATH=${CMAKE_PREFIX_PATH}:/home/li/Work/RobotArm/install/my_robot_arm_pkg CONDA_PROMPT_MODIFIER=(base) /usr/bin/cmake --build /home/li/Work/RobotArm/build/ur5_robot -- -j16 -l16
[0.315s] DEBUG:colcon.colcon_core.event_handler.log_command:Invoking command in '/home/li/Work/RobotArm/build/ur5_robot': CMAKE_PREFIX_PATH=${CMAKE_PREFIX_PATH}:/home/li/Work/RobotArm/install/my_robot_arm_pkg CONDA_PROMPT_MODIFIER=(base) /usr/bin/cmake --install /home/li/Work/RobotArm/build/ur5_robot
[0.332s] Level 1:colcon.colcon_core.environment:create_environment_scripts_only(ur5_robot)
[0.333s] DEBUG:colcon.colcon_core.event_handler.log_command:Invoked command in '/home/li/Work/RobotArm/build/ur5_robot' returned '0': CMAKE_PREFIX_PATH=${CMAKE_PREFIX_PATH}:/home/li/Work/RobotArm/install/my_robot_arm_pkg CONDA_PROMPT_MODIFIER=(base) /usr/bin/cmake --install /home/li/Work/RobotArm/build/ur5_robot
[0.335s] Level 1:colcon.colcon_core.environment:checking '/home/li/Work/RobotArm/install/ur5_robot' for CMake module files
[0.336s] Level 1:colcon.colcon_core.environment:checking '/home/li/Work/RobotArm/install/ur5_robot' for CMake config files
[0.336s] Level 1:colcon.colcon_core.shell:create_environment_hook('ur5_robot', 'cmake_prefix_path')
[0.337s] INFO:colcon.colcon_core.shell:Creating environment hook '/home/li/Work/RobotArm/install/ur5_robot/share/ur5_robot/hook/cmake_prefix_path.ps1'
[0.338s] INFO:colcon.colcon_core.shell:Creating environment descriptor '/home/li/Work/RobotArm/install/ur5_robot/share/ur5_robot/hook/cmake_prefix_path.dsv'
[0.338s] INFO:colcon.colcon_core.shell:Creating environment hook '/home/li/Work/RobotArm/install/ur5_robot/share/ur5_robot/hook/cmake_prefix_path.sh'
[0.340s] Level 1:colcon.colcon_core.environment:checking '/home/li/Work/RobotArm/install/ur5_robot/bin'
[0.340s] Level 1:colcon.colcon_core.environment:checking '/home/li/Work/RobotArm/install/ur5_robot/lib/pkgconfig/ur5_robot.pc'
[0.340s] Level 1:colcon.colcon_core.environment:checking '/home/li/Work/RobotArm/install/ur5_robot/lib/python3.10/site-packages'
[0.341s] Level 1:colcon.colcon_core.environment:checking '/home/li/Work/RobotArm/install/ur5_robot/bin'
[0.341s] INFO:colcon.colcon_core.shell:Creating package script '/home/li/Work/RobotArm/install/ur5_robot/share/ur5_robot/package.ps1'
[0.342s] INFO:colcon.colcon_core.shell:Creating package descriptor '/home/li/Work/RobotArm/install/ur5_robot/share/ur5_robot/package.dsv'
[0.343s] INFO:colcon.colcon_core.shell:Creating package script '/home/li/Work/RobotArm/install/ur5_robot/share/ur5_robot/package.sh'
[0.344s] INFO:colcon.colcon_core.shell:Creating package script '/home/li/Work/RobotArm/install/ur5_robot/share/ur5_robot/package.bash'
[0.344s] INFO:colcon.colcon_core.shell:Creating package script '/home/li/Work/RobotArm/install/ur5_robot/share/ur5_robot/package.zsh'
[0.345s] Level 1:colcon.colcon_core.environment:create_file_with_runtime_dependencies(/home/li/Work/RobotArm/install/ur5_robot/share/colcon-core/packages/ur5_robot)
[0.345s] Level 1:colcon.colcon_core.environment:create_environment_scripts_only(ur5_robot)
[0.346s] Level 1:colcon.colcon_core.environment:checking '/home/li/Work/RobotArm/install/ur5_robot' for CMake module files
[0.346s] Level 1:colcon.colcon_core.environment:checking '/home/li/Work/RobotArm/install/ur5_robot' for CMake config files
[0.346s] Level 1:colcon.colcon_core.shell:create_environment_hook('ur5_robot', 'cmake_prefix_path')
[0.346s] INFO:colcon.colcon_core.shell:Creating environment hook '/home/li/Work/RobotArm/install/ur5_robot/share/ur5_robot/hook/cmake_prefix_path.ps1'
[0.347s] INFO:colcon.colcon_core.shell:Creating environment descriptor '/home/li/Work/RobotArm/install/ur5_robot/share/ur5_robot/hook/cmake_prefix_path.dsv'
[0.347s] INFO:colcon.colcon_core.shell:Creating environment hook '/home/li/Work/RobotArm/install/ur5_robot/share/ur5_robot/hook/cmake_prefix_path.sh'
[0.347s] Level 1:colcon.colcon_core.environment:checking '/home/li/Work/RobotArm/install/ur5_robot/bin'
[0.347s] Level 1:colcon.colcon_core.environment:checking '/home/li/Work/RobotArm/install/ur5_robot/lib/pkgconfig/ur5_robot.pc'
[0.348s] Level 1:colcon.colcon_core.environment:checking '/home/li/Work/RobotArm/install/ur5_robot/lib/python3.10/site-packages'
[0.348s] Level 1:colcon.colcon_core.environment:checking '/home/li/Work/RobotArm/install/ur5_robot/bin'
[0.348s] INFO:colcon.colcon_core.shell:Creating package script '/home/li/Work/RobotArm/install/ur5_robot/share/ur5_robot/package.ps1'
[0.348s] INFO:colcon.colcon_core.shell:Creating package descriptor '/home/li/Work/RobotArm/install/ur5_robot/share/ur5_robot/package.dsv'
[0.349s] INFO:colcon.colcon_core.shell:Creating package script '/home/li/Work/RobotArm/install/ur5_robot/share/ur5_robot/package.sh'
[0.349s] INFO:colcon.colcon_core.shell:Creating package script '/home/li/Work/RobotArm/install/ur5_robot/share/ur5_robot/package.bash'
[0.349s] INFO:colcon.colcon_core.shell:Creating package script '/home/li/Work/RobotArm/install/ur5_robot/share/ur5_robot/package.zsh'
[0.350s] Level 1:colcon.colcon_core.environment:create_file_with_runtime_dependencies(/home/li/Work/RobotArm/install/ur5_robot/share/colcon-core/packages/ur5_robot)
[0.350s] INFO:colcon.colcon_ros.task.ament_cmake.build:Building ROS package in '/home/li/Work/RobotArm/src/ur5_moveit_config' with build type 'ament_cmake'
[0.350s] INFO:colcon.colcon_cmake.task.cmake.build:Building CMake package in '/home/li/Work/RobotArm/src/ur5_moveit_config'
[0.350s] INFO:colcon.colcon_core.shell:Skip shell extension 'powershell' for command environment: Not usable outside of PowerShell
[0.350s] DEBUG:colcon.colcon_core.shell:Skip shell extension 'dsv' for command environment
[0.362s] DEBUG:colcon.colcon_core.event_handler.log_command:Invoking command in '/home/li/Work/RobotArm/build/ur5_moveit_config': CMAKE_PREFIX_PATH=${CMAKE_PREFIX_PATH}/home/li/Work/RobotArm/install/my_robot_arm_pkg CONDA_PROMPT_MODIFIER=(base) /usr/bin/cmake /home/li/Work/RobotArm/src/ur5_moveit_config -DCMAKE_INSTALL_PREFIX=/home/li/Work/RobotArm/install/ur5_moveit_config
[1.123s] DEBUG:colcon.colcon_core.event_handler.log_command:Invoked command in '/home/li/Work/RobotArm/build/ur5_moveit_config' returned '0': CMAKE_PREFIX_PATH=${CMAKE_PREFIX_PATH}/home/li/Work/RobotArm/install/my_robot_arm_pkg CONDA_PROMPT_MODIFIER=(base) /usr/bin/cmake /home/li/Work/RobotArm/src/ur5_moveit_config -DCMAKE_INSTALL_PREFIX=/home/li/Work/RobotArm/install/ur5_moveit_config
[1.123s] DEBUG:colcon.colcon_core.event_handler.log_command:Invoking command in '/home/li/Work/RobotArm/build/ur5_moveit_config': CMAKE_PREFIX_PATH=${CMAKE_PREFIX_PATH}/home/li/Work/RobotArm/install/my_robot_arm_pkg CONDA_PROMPT_MODIFIER=(base) /usr/bin/cmake --build /home/li/Work/RobotArm/build/ur5_moveit_config -- -j16 -l16
[1.158s] DEBUG:colcon.colcon_core.event_handler.log_command:Invoked command in '/home/li/Work/RobotArm/build/ur5_moveit_config' returned '0': CMAKE_PREFIX_PATH=${CMAKE_PREFIX_PATH}/home/li/Work/RobotArm/install/my_robot_arm_pkg CONDA_PROMPT_MODIFIER=(base) /usr/bin/cmake --build /home/li/Work/RobotArm/build/ur5_moveit_config -- -j16 -l16
[1.160s] DEBUG:colcon.colcon_core.event_handler.log_command:Invoking command in '/home/li/Work/RobotArm/build/ur5_moveit_config': CMAKE_PREFIX_PATH=${CMAKE_PREFIX_PATH}/home/li/Work/RobotArm/install/my_robot_arm_pkg CONDA_PROMPT_MODIFIER=(base) /usr/bin/cmake --install /home/li/Work/RobotArm/build/ur5_moveit_config
[1.169s] Level 1:colcon.colcon_core.environment:create_environment_scripts_only(ur5_moveit_config)
[1.169s] Level 1:colcon.colcon_core.environment:checking '/home/li/Work/RobotArm/install/ur5_moveit_config' for CMake module files
[1.170s] DEBUG:colcon.colcon_core.event_handler.log_command:Invoked command in '/home/li/Work/RobotArm/build/ur5_moveit_config' returned '0': CMAKE_PREFIX_PATH=${CMAKE_PREFIX_PATH}/home/li/Work/RobotArm/install/my_robot_arm_pkg CONDA_PROMPT_MODIFIER=(base) /usr/bin/cmake --install /home/li/Work/RobotArm/build/ur5_moveit_config
[1.170s] Level 1:colcon.colcon_core.environment:checking '/home/li/Work/RobotArm/install/ur5_moveit_config' for CMake config files
[1.170s] Level 1:colcon.colcon_core.shell:create_environment_hook('ur5_moveit_config', 'cmake_prefix_path')
[1.170s] INFO:colcon.colcon_core.shell:Creating environment hook '/home/li/Work/RobotArm/install/ur5_moveit_config/share/ur5_moveit_config/hook/cmake_prefix_path.ps1'
[1.170s] INFO:colcon.colcon_core.shell:Creating environment descriptor '/home/li/Work/RobotArm/install/ur5_moveit_config/share/ur5_moveit_config/hook/cmake_prefix_path.dsv'
[1.171s] INFO:colcon.colcon_core.shell:Creating environment hook '/home/li/Work/RobotArm/install/ur5_moveit_config/share/ur5_moveit_config/hook/cmake_prefix_path.sh'
[1.171s] Level 1:colcon.colcon_core.environment:checking '/home/li/Work/RobotArm/install/ur5_moveit_config/bin'
[1.171s] Level 1:colcon.colcon_core.environment:checking '/home/li/Work/RobotArm/install/ur5_moveit_config/lib/pkgconfig/ur5_moveit_config.pc'
[1.171s] Level 1:colcon.colcon_core.environment:checking '/home/li/Work/RobotArm/install/ur5_moveit_config/lib/python3.10/site-packages'
[1.171s] Level 1:colcon.colcon_core.environment:checking '/home/li/Work/RobotArm/install/ur5_moveit_config/bin'
[1.171s] INFO:colcon.colcon_core.shell:Creating package script '/home/li/Work/RobotArm/install/ur5_moveit_config/share/ur5_moveit_config/package.ps1'
[1.172s] INFO:colcon.colcon_core.shell:Creating package descriptor '/home/li/Work/RobotArm/install/ur5_moveit_config/share/ur5_moveit_config/package.dsv'
[1.172s] INFO:colcon.colcon_core.shell:Creating package script '/home/li/Work/RobotArm/install/ur5_moveit_config/share/ur5_moveit_config/package.sh'
[1.172s] INFO:colcon.colcon_core.shell:Creating package script '/home/li/Work/RobotArm/install/ur5_moveit_config/share/ur5_moveit_config/package.bash'
[1.172s] INFO:colcon.colcon_core.shell:Creating package script '/home/li/Work/RobotArm/install/ur5_moveit_config/share/ur5_moveit_config/package.zsh'
[1.173s] Level 1:colcon.colcon_core.environment:create_file_with_runtime_dependencies(/home/li/Work/RobotArm/install/ur5_moveit_config/share/colcon-core/packages/ur5_moveit_config)
[1.173s] Level 1:colcon.colcon_core.environment:create_environment_scripts_only(ur5_moveit_config)
[1.173s] Level 1:colcon.colcon_core.environment:checking '/home/li/Work/RobotArm/install/ur5_moveit_config' for CMake module files
[1.173s] Level 1:colcon.colcon_core.environment:checking '/home/li/Work/RobotArm/install/ur5_moveit_config' for CMake config files
[1.173s] Level 1:colcon.colcon_core.shell:create_environment_hook('ur5_moveit_config', 'cmake_prefix_path')
[1.173s] INFO:colcon.colcon_core.shell:Creating environment hook '/home/li/Work/RobotArm/install/ur5_moveit_config/share/ur5_moveit_config/hook/cmake_prefix_path.ps1'
[1.174s] INFO:colcon.colcon_core.shell:Creating environment descriptor '/home/li/Work/RobotArm/install/ur5_moveit_config/share/ur5_moveit_config/hook/cmake_prefix_path.dsv'
[1.174s] INFO:colcon.colcon_core.shell:Creating environment hook '/home/li/Work/RobotArm/install/ur5_moveit_config/share/ur5_moveit_config/hook/cmake_prefix_path.sh'
[1.174s] Level 1:colcon.colcon_core.environment:checking '/home/li/Work/RobotArm/install/ur5_moveit_config/bin'
[1.174s] Level 1:colcon.colcon_core.environment:checking '/home/li/Work/RobotArm/install/ur5_moveit_config/lib/pkgconfig/ur5_moveit_config.pc'
[1.174s] Level 1:colcon.colcon_core.environment:checking '/home/li/Work/RobotArm/install/ur5_moveit_config/lib/python3.10/site-packages'
[1.174s] Level 1:colcon.colcon_core.environment:checking '/home/li/Work/RobotArm/install/ur5_moveit_config/bin'
[1.175s] INFO:colcon.colcon_core.shell:Creating package script '/home/li/Work/RobotArm/install/ur5_moveit_config/share/ur5_moveit_config/package.ps1'
[1.175s] INFO:colcon.colcon_core.shell:Creating package descriptor '/home/li/Work/RobotArm/install/ur5_moveit_config/share/ur5_moveit_config/package.dsv'
[1.175s] INFO:colcon.colcon_core.shell:Creating package script '/home/li/Work/RobotArm/install/ur5_moveit_config/share/ur5_moveit_config/package.sh'
[1.175s] INFO:colcon.colcon_core.shell:Creating package script '/home/li/Work/RobotArm/install/ur5_moveit_config/share/ur5_moveit_config/package.bash'
[1.176s] INFO:colcon.colcon_core.shell:Creating package script '/home/li/Work/RobotArm/install/ur5_moveit_config/share/ur5_moveit_config/package.zsh'
[1.176s] Level 1:colcon.colcon_core.environment:create_file_with_runtime_dependencies(/home/li/Work/RobotArm/install/ur5_moveit_config/share/colcon-core/packages/ur5_moveit_config)
[1.176s] DEBUG:colcon.colcon_parallel_executor.executor.parallel:closing loop
[1.176s] DEBUG:colcon.colcon_parallel_executor.executor.parallel:loop closed
[1.176s] DEBUG:colcon.colcon_parallel_executor.executor.parallel:run_until_complete finished with '0'
[1.176s] DEBUG:colcon.colcon_core.event_reactor:joining thread
[1.179s] INFO:colcon.colcon_core.plugin_system:Skipping extension 'colcon_notification.desktop_notification.terminal_notifier': Not used on non-Darwin systems
[1.179s] INFO:colcon.colcon_core.plugin_system:Skipping extension 'colcon_notification.desktop_notification.win32': Not used on non-Windows systems
[1.180s] INFO:colcon.colcon_notification.desktop_notification:Sending desktop notification using 'notify2'
[1.191s] DEBUG:colcon.colcon_core.event_reactor:joined thread
[1.191s] INFO:colcon.colcon_core.shell:Creating prefix script '/home/li/Work/RobotArm/install/local_setup.ps1'
[1.192s] INFO:colcon.colcon_core.shell:Creating prefix util module '/home/li/Work/RobotArm/install/_local_setup_util_ps1.py'
[1.193s] INFO:colcon.colcon_core.shell:Creating prefix chain script '/home/li/Work/RobotArm/install/setup.ps1'
[1.193s] INFO:colcon.colcon_core.shell:Creating prefix script '/home/li/Work/RobotArm/install/local_setup.sh'
[1.194s] INFO:colcon.colcon_core.shell:Creating prefix util module '/home/li/Work/RobotArm/install/_local_setup_util_sh.py'
[1.194s] INFO:colcon.colcon_core.shell:Creating prefix chain script '/home/li/Work/RobotArm/install/setup.sh'
[1.195s] INFO:colcon.colcon_core.shell:Creating prefix script '/home/li/Work/RobotArm/install/local_setup.bash'
[1.195s] INFO:colcon.colcon_core.shell:Creating prefix chain script '/home/li/Work/RobotArm/install/setup.bash'
[1.195s] INFO:colcon.colcon_core.shell:Creating prefix script '/home/li/Work/RobotArm/install/local_setup.zsh'
[1.196s] INFO:colcon.colcon_core.shell:Creating prefix chain script '/home/li/Work/RobotArm/install/setup.zsh'
