[0.009s] Invoking command in '/home/li/Work/RobotArm/build/ur5_robot': CMAKE_PREFIX_PATH=${CMAKE_PREFIX_PATH}:/home/li/Work/RobotArm/install/my_robot_arm_pkg CONDA_PROMPT_MODIFIER=(base) /usr/bin/cmake --build /home/li/Work/RobotArm/build/ur5_robot -- -j16 -l16
[0.047s] Invoked command in '/home/li/Work/RobotArm/build/ur5_robot' returned '0': CMAKE_PREFIX_PATH=${CMAKE_PREFIX_PATH}:/home/li/Work/RobotArm/install/my_robot_arm_pkg CONDA_PROMPT_MODIFIER=(base) /usr/bin/cmake --build /home/li/Work/RobotArm/build/ur5_robot -- -j16 -l16
[0.067s] Invoking command in '/home/li/Work/RobotArm/build/ur5_robot': CMAKE_PREFIX_PATH=${CMAKE_PREFIX_PATH}:/home/li/Work/RobotArm/install/my_robot_arm_pkg CONDA_PROMPT_MODIFIER=(base) /usr/bin/cmake --install /home/li/Work/RobotArm/build/ur5_robot
[0.081s] -- Install configuration: ""
[0.082s] -- Up-to-date: /home/li/Work/RobotArm/install/ur5_robot/share/ur5_robot//urdf
[0.082s] -- Up-to-date: /home/li/Work/RobotArm/install/ur5_robot/share/ur5_robot//urdf/ur5.urdf
[0.082s] -- Up-to-date: /home/li/Work/RobotArm/install/ur5_robot/share/ament_index/resource_index/package_run_dependencies/ur5_robot
[0.082s] -- Up-to-date: /home/li/Work/RobotArm/install/ur5_robot/share/ament_index/resource_index/parent_prefix_path/ur5_robot
[0.082s] -- Up-to-date: /home/li/Work/RobotArm/install/ur5_robot/share/ur5_robot/environment/ament_prefix_path.sh
[0.083s] -- Up-to-date: /home/li/Work/RobotArm/install/ur5_robot/share/ur5_robot/environment/ament_prefix_path.dsv
[0.083s] -- Up-to-date: /home/li/Work/RobotArm/install/ur5_robot/share/ur5_robot/environment/path.sh
[0.083s] -- Up-to-date: /home/li/Work/RobotArm/install/ur5_robot/share/ur5_robot/environment/path.dsv
[0.083s] -- Up-to-date: /home/li/Work/RobotArm/install/ur5_robot/share/ur5_robot/local_setup.bash
[0.083s] -- Up-to-date: /home/li/Work/RobotArm/install/ur5_robot/share/ur5_robot/local_setup.sh
[0.083s] -- Up-to-date: /home/li/Work/RobotArm/install/ur5_robot/share/ur5_robot/local_setup.zsh
[0.084s] -- Up-to-date: /home/li/Work/RobotArm/install/ur5_robot/share/ur5_robot/local_setup.dsv
[0.084s] -- Up-to-date: /home/li/Work/RobotArm/install/ur5_robot/share/ur5_robot/package.dsv
[0.084s] -- Up-to-date: /home/li/Work/RobotArm/install/ur5_robot/share/ament_index/resource_index/packages/ur5_robot
[0.084s] -- Up-to-date: /home/li/Work/RobotArm/install/ur5_robot/share/ur5_robot/cmake/ur5_robotConfig.cmake
[0.084s] -- Up-to-date: /home/li/Work/RobotArm/install/ur5_robot/share/ur5_robot/cmake/ur5_robotConfig-version.cmake
[0.084s] -- Up-to-date: /home/li/Work/RobotArm/install/ur5_robot/share/ur5_robot/package.xml
[0.085s] Invoked command in '/home/li/Work/RobotArm/build/ur5_robot' returned '0': CMAKE_PREFIX_PATH=${CMAKE_PREFIX_PATH}:/home/li/Work/RobotArm/install/my_robot_arm_pkg CONDA_PROMPT_MODIFIER=(base) /usr/bin/cmake --install /home/li/Work/RobotArm/build/ur5_robot
