[0.011s] Invoking command in '/home/li/Work/RobotArm/build/ur5_moveit_config': CMAKE_PREFIX_PATH=${CMAKE_PREFIX_PATH}/home/li/Work/RobotArm/install/my_robot_arm_pkg CONDA_PROMPT_MODIFIER=(base) /usr/bin/cmake /home/li/Work/RobotArm/src/ur5_moveit_config -DCMAKE_INSTALL_PREFIX=/home/li/Work/RobotArm/install/ur5_moveit_config
[0.095s] -- The C compiler identification is GNU 11.4.0
[0.149s] -- The CXX compiler identification is GNU 11.4.0
[0.154s] -- Detecting C compiler ABI info
[0.286s] -- Detecting C compiler ABI info - done
[0.291s] -- Check for working C compiler: /usr/bin/cc - skipped
[0.291s] -- Detecting C compile features
[0.292s] -- Detecting C compile features - done
[0.294s] -- Detecting CXX compiler ABI info
[0.366s] -- Detecting CXX compiler ABI info - done
[0.371s] -- Check for working CXX compiler: /usr/bin/c++ - skipped
[0.371s] -- Detecting CXX compile features
[0.371s] -- Detecting CXX compile features - done
[0.373s] -- Found ament_cmake: 1.3.11 (/opt/ros/humble/share/ament_cmake/cmake)
[0.629s] -- Found Python3: /home/li/miniconda3/bin/python3 (found version "3.12.8") found components: Interpreter 
[0.766s] -- Configuring done
[0.768s] -- Generating done
[0.769s] -- Build files have been written to: /home/li/Work/RobotArm/build/ur5_moveit_config
[0.772s] Invoked command in '/home/li/Work/RobotArm/build/ur5_moveit_config' returned '0': CMAKE_PREFIX_PATH=${CMAKE_PREFIX_PATH}/home/li/Work/RobotArm/install/my_robot_arm_pkg CONDA_PROMPT_MODIFIER=(base) /usr/bin/cmake /home/li/Work/RobotArm/src/ur5_moveit_config -DCMAKE_INSTALL_PREFIX=/home/li/Work/RobotArm/install/ur5_moveit_config
[0.773s] Invoking command in '/home/li/Work/RobotArm/build/ur5_moveit_config': CMAKE_PREFIX_PATH=${CMAKE_PREFIX_PATH}/home/li/Work/RobotArm/install/my_robot_arm_pkg CONDA_PROMPT_MODIFIER=(base) /usr/bin/cmake --build /home/li/Work/RobotArm/build/ur5_moveit_config -- -j16 -l16
[0.808s] Invoked command in '/home/li/Work/RobotArm/build/ur5_moveit_config' returned '0': CMAKE_PREFIX_PATH=${CMAKE_PREFIX_PATH}/home/li/Work/RobotArm/install/my_robot_arm_pkg CONDA_PROMPT_MODIFIER=(base) /usr/bin/cmake --build /home/li/Work/RobotArm/build/ur5_moveit_config -- -j16 -l16
[0.809s] Invoking command in '/home/li/Work/RobotArm/build/ur5_moveit_config': CMAKE_PREFIX_PATH=${CMAKE_PREFIX_PATH}/home/li/Work/RobotArm/install/my_robot_arm_pkg CONDA_PROMPT_MODIFIER=(base) /usr/bin/cmake --install /home/li/Work/RobotArm/build/ur5_moveit_config
[0.816s] -- Install configuration: ""
[0.816s] -- Installing: /home/li/Work/RobotArm/install/ur5_moveit_config/share/ament_index/resource_index/package_run_dependencies/ur5_moveit_config
[0.816s] -- Installing: /home/li/Work/RobotArm/install/ur5_moveit_config/share/ament_index/resource_index/parent_prefix_path/ur5_moveit_config
[0.816s] -- Installing: /home/li/Work/RobotArm/install/ur5_moveit_config/share/ur5_moveit_config/environment/ament_prefix_path.sh
[0.816s] -- Installing: /home/li/Work/RobotArm/install/ur5_moveit_config/share/ur5_moveit_config/environment/ament_prefix_path.dsv
[0.816s] -- Installing: /home/li/Work/RobotArm/install/ur5_moveit_config/share/ur5_moveit_config/environment/path.sh
[0.816s] -- Installing: /home/li/Work/RobotArm/install/ur5_moveit_config/share/ur5_moveit_config/environment/path.dsv
[0.816s] -- Installing: /home/li/Work/RobotArm/install/ur5_moveit_config/share/ur5_moveit_config/local_setup.bash
[0.816s] -- Installing: /home/li/Work/RobotArm/install/ur5_moveit_config/share/ur5_moveit_config/local_setup.sh
[0.816s] -- Installing: /home/li/Work/RobotArm/install/ur5_moveit_config/share/ur5_moveit_config/local_setup.zsh
[0.817s] -- Installing: /home/li/Work/RobotArm/install/ur5_moveit_config/share/ur5_moveit_config/local_setup.dsv
[0.817s] -- Installing: /home/li/Work/RobotArm/install/ur5_moveit_config/share/ur5_moveit_config/package.dsv
[0.817s] -- Installing: /home/li/Work/RobotArm/install/ur5_moveit_config/share/ament_index/resource_index/packages/ur5_moveit_config
[0.817s] -- Installing: /home/li/Work/RobotArm/install/ur5_moveit_config/share/ur5_moveit_config/cmake/ur5_moveit_configConfig.cmake
[0.817s] -- Installing: /home/li/Work/RobotArm/install/ur5_moveit_config/share/ur5_moveit_config/cmake/ur5_moveit_configConfig-version.cmake
[0.817s] -- Installing: /home/li/Work/RobotArm/install/ur5_moveit_config/share/ur5_moveit_config/package.xml
[0.817s] -- Installing: /home/li/Work/RobotArm/install/ur5_moveit_config/share/ur5_moveit_config/launch
[0.817s] -- Installing: /home/li/Work/RobotArm/install/ur5_moveit_config/share/ur5_moveit_config/launch/rsp.launch.py
[0.817s] -- Installing: /home/li/Work/RobotArm/install/ur5_moveit_config/share/ur5_moveit_config/launch/moveit_rviz.launch.py
[0.817s] -- Installing: /home/li/Work/RobotArm/install/ur5_moveit_config/share/ur5_moveit_config/launch/spawn_controllers.launch.py
[0.817s] -- Installing: /home/li/Work/RobotArm/install/ur5_moveit_config/share/ur5_moveit_config/launch/move_group.launch.py
[0.817s] -- Installing: /home/li/Work/RobotArm/install/ur5_moveit_config/share/ur5_moveit_config/launch/demo.launch.py
[0.817s] -- Installing: /home/li/Work/RobotArm/install/ur5_moveit_config/share/ur5_moveit_config/launch/setup_assistant.launch.py
[0.817s] -- Installing: /home/li/Work/RobotArm/install/ur5_moveit_config/share/ur5_moveit_config/launch/static_virtual_joint_tfs.launch.py
[0.817s] -- Installing: /home/li/Work/RobotArm/install/ur5_moveit_config/share/ur5_moveit_config/launch/warehouse_db.launch.py
[0.817s] -- Installing: /home/li/Work/RobotArm/install/ur5_moveit_config/share/ur5_moveit_config/config
[0.817s] -- Installing: /home/li/Work/RobotArm/install/ur5_moveit_config/share/ur5_moveit_config/config/ur5_robot.ros2_control.xacro
[0.818s] -- Installing: /home/li/Work/RobotArm/install/ur5_moveit_config/share/ur5_moveit_config/config/pilz_cartesian_limits.yaml
[0.818s] -- Installing: /home/li/Work/RobotArm/install/ur5_moveit_config/share/ur5_moveit_config/config/ur5_robot.srdf
[0.818s] -- Installing: /home/li/Work/RobotArm/install/ur5_moveit_config/share/ur5_moveit_config/config/initial_positions.yaml
[0.818s] -- Installing: /home/li/Work/RobotArm/install/ur5_moveit_config/share/ur5_moveit_config/config/kinematics.yaml
[0.818s] -- Installing: /home/li/Work/RobotArm/install/ur5_moveit_config/share/ur5_moveit_config/config/joint_limits.yaml
[0.818s] -- Installing: /home/li/Work/RobotArm/install/ur5_moveit_config/share/ur5_moveit_config/config/moveit.rviz
[0.818s] -- Installing: /home/li/Work/RobotArm/install/ur5_moveit_config/share/ur5_moveit_config/config/ur5_robot.urdf.xacro
[0.818s] -- Installing: /home/li/Work/RobotArm/install/ur5_moveit_config/share/ur5_moveit_config/.setup_assistant
[0.819s] Invoked command in '/home/li/Work/RobotArm/build/ur5_moveit_config' returned '0': CMAKE_PREFIX_PATH=${CMAKE_PREFIX_PATH}/home/li/Work/RobotArm/install/my_robot_arm_pkg CONDA_PROMPT_MODIFIER=(base) /usr/bin/cmake --install /home/li/Work/RobotArm/build/ur5_moveit_config
