[0.008s] Invoking command in '/home/li/Work/RobotArm/build/ur5_robot': CMAKE_PREFIX_PATH=${CMAKE_PREFIX_PATH}:/home/li/Work/RobotArm/install/my_robot_arm_pkg CONDA_PROMPT_MODIFIER=(base) /usr/bin/cmake /home/li/Work/RobotArm/src/ur5_robot -DCMAKE_INSTALL_PREFIX=/home/li/Work/RobotArm/install/ur5_robot
[0.049s] -- The C compiler identification is GNU 11.4.0
[0.091s] -- The CXX compiler identification is GNU 11.4.0
[0.096s] -- Detecting C compiler ABI info
[0.185s] -- Detecting C compiler ABI info - done
[0.203s] -- Check for working C compiler: /usr/bin/cc - skipped
[0.204s] -- Detecting C compile features
[0.205s] -- Detecting C compile features - done
[0.212s] -- Detecting CXX compiler ABI info
[0.335s] -- Detecting CXX compiler ABI info - done
[0.340s] -- Check for working CXX compiler: /usr/bin/c++ - skipped
[0.340s] -- Detecting CXX compile features
[0.340s] -- Detecting CXX compile features - done
[0.343s] -- Found ament_cmake: 1.3.11 (/opt/ros/humble/share/ament_cmake/cmake)
[0.632s] -- Found Python3: /home/li/miniconda3/bin/python3 (found version "3.12.8") found components: Interpreter 
[0.712s] -- Found ament_lint_auto: 0.12.11 (/opt/ros/humble/share/ament_lint_auto/cmake)
[0.788s] -- Added test 'lint_cmake' to check CMake code style
[0.789s] -- Added test 'xmllint' to check XML markup files
[0.790s] -- Configuring done
[0.791s] -- Generating done
[0.792s] -- Build files have been written to: /home/li/Work/RobotArm/build/ur5_robot
[0.796s] Invoked command in '/home/li/Work/RobotArm/build/ur5_robot' returned '0': CMAKE_PREFIX_PATH=${CMAKE_PREFIX_PATH}:/home/li/Work/RobotArm/install/my_robot_arm_pkg CONDA_PROMPT_MODIFIER=(base) /usr/bin/cmake /home/li/Work/RobotArm/src/ur5_robot -DCMAKE_INSTALL_PREFIX=/home/li/Work/RobotArm/install/ur5_robot
[0.797s] Invoking command in '/home/li/Work/RobotArm/build/ur5_robot': CMAKE_PREFIX_PATH=${CMAKE_PREFIX_PATH}:/home/li/Work/RobotArm/install/my_robot_arm_pkg CONDA_PROMPT_MODIFIER=(base) /usr/bin/cmake --build /home/li/Work/RobotArm/build/ur5_robot -- -j16 -l16
[0.851s] Invoked command in '/home/li/Work/RobotArm/build/ur5_robot' returned '0': CMAKE_PREFIX_PATH=${CMAKE_PREFIX_PATH}:/home/li/Work/RobotArm/install/my_robot_arm_pkg CONDA_PROMPT_MODIFIER=(base) /usr/bin/cmake --build /home/li/Work/RobotArm/build/ur5_robot -- -j16 -l16
[0.872s] Invoking command in '/home/li/Work/RobotArm/build/ur5_robot': CMAKE_PREFIX_PATH=${CMAKE_PREFIX_PATH}:/home/li/Work/RobotArm/install/my_robot_arm_pkg CONDA_PROMPT_MODIFIER=(base) /usr/bin/cmake --install /home/li/Work/RobotArm/build/ur5_robot
[0.886s] -- Install configuration: ""
[0.886s] -- Installing: /home/li/Work/RobotArm/install/ur5_robot/share/ament_index/resource_index/package_run_dependencies/ur5_robot
[0.886s] -- Installing: /home/li/Work/RobotArm/install/ur5_robot/share/ament_index/resource_index/parent_prefix_path/ur5_robot
[0.886s] -- Installing: /home/li/Work/RobotArm/install/ur5_robot/share/ur5_robot/environment/ament_prefix_path.sh
[0.887s] -- Installing: /home/li/Work/RobotArm/install/ur5_robot/share/ur5_robot/environment/ament_prefix_path.dsv
[0.887s] -- Installing: /home/li/Work/RobotArm/install/ur5_robot/share/ur5_robot/environment/path.sh
[0.887s] -- Installing: /home/li/Work/RobotArm/install/ur5_robot/share/ur5_robot/environment/path.dsv
[0.887s] -- Installing: /home/li/Work/RobotArm/install/ur5_robot/share/ur5_robot/local_setup.bash
[0.887s] -- Installing: /home/li/Work/RobotArm/install/ur5_robot/share/ur5_robot/local_setup.sh
[0.887s] -- Installing: /home/li/Work/RobotArm/install/ur5_robot/share/ur5_robot/local_setup.zsh
[0.887s] -- Installing: /home/li/Work/RobotArm/install/ur5_robot/share/ur5_robot/local_setup.dsv
[0.887s] -- Installing: /home/li/Work/RobotArm/install/ur5_robot/share/ur5_robot/package.dsv
[0.887s] -- Installing: /home/li/Work/RobotArm/install/ur5_robot/share/ament_index/resource_index/packages/ur5_robot
[0.887s] -- Installing: /home/li/Work/RobotArm/install/ur5_robot/share/ur5_robot/cmake/ur5_robotConfig.cmake
[0.887s] -- Installing: /home/li/Work/RobotArm/install/ur5_robot/share/ur5_robot/cmake/ur5_robotConfig-version.cmake
[0.887s] -- Installing: /home/li/Work/RobotArm/install/ur5_robot/share/ur5_robot/package.xml
[0.889s] Invoked command in '/home/li/Work/RobotArm/build/ur5_robot' returned '0': CMAKE_PREFIX_PATH=${CMAKE_PREFIX_PATH}:/home/li/Work/RobotArm/install/my_robot_arm_pkg CONDA_PROMPT_MODIFIER=(base) /usr/bin/cmake --install /home/li/Work/RobotArm/build/ur5_robot
